The system is: Darwin - 18.0.0 - x86_64
Compiling the C compiler identification source file "CMakeCCompilerId.c" succeeded.
Compiler:  
Build flags: 
Id flags:  

The output was:
0
note: Using new build system
note: Planning build
note: Constructing build description
Build system information
warning: Traditional headermap style is no longer supported; please migrate to using separate headermaps and set 'ALWAYS_SEARCH_USER_PATHS' to NO. (in target 'CompilerIdC')

CreateBuildDirectory /Users/ericbbpeng/Documents/GitProject/test/glfwMac/CMakeFiles/3.13.0-rc1/CompilerIdC (in target: CompilerIdC)
    cd /Users/ericbbpeng/Documents/GitProject/test/glfwMac/CMakeFiles/3.13.0-rc1/CompilerIdC
    builtin-create-build-directory /Users/ericbbpeng/Documents/GitProject/test/glfwMac/CMakeFiles/3.13.0-rc1/CompilerIdC

WriteAuxiliaryFile /Users/ericbbpeng/Documents/GitProject/test/glfwMac/CMakeFiles/3.13.0-rc1/CompilerIdC/CompilerIdC.build/Debug/CompilerIdC.build/CompilerIdC-all-target-headers.hmap (in target: CompilerIdC)
    cd /Users/ericbbpeng/Documents/GitProject/test/glfwMac/CMakeFiles/3.13.0-rc1/CompilerIdC
    write-file /Users/ericbbpeng/Documents/GitProject/test/glfwMac/CMakeFiles/3.13.0-rc1/CompilerIdC/CompilerIdC.build/Debug/CompilerIdC.build/CompilerIdC-all-target-headers.hmap

WriteAuxiliaryFile /Users/ericbbpeng/Documents/GitProject/test/glfwMac/CMakeFiles/3.13.0-rc1/CompilerIdC/CompilerIdC.build/Debug/CompilerIdC.build/all-product-headers.yaml (in target: CompilerIdC)
    cd /Users/ericbbpeng/Documents/GitProject/test/glfwMac/CMakeFiles/3.13.0-rc1/CompilerIdC
    write-file /Users/ericbbpeng/Documents/GitProject/test/glfwMac/CMakeFiles/3.13.0-rc1/CompilerIdC/CompilerIdC.build/Debug/CompilerIdC.build/all-product-headers.yaml

WriteAuxiliaryFile /Users/ericbbpeng/Documents/GitProject/test/glfwMac/CMakeFiles/3.13.0-rc1/CompilerIdC/CompilerIdC.build/Debug/CompilerIdC.build/CompilerIdC-own-target-headers.hmap (in target: CompilerIdC)
    cd /Users/ericbbpeng/Documents/GitProject/test/glfwMac/CMakeFiles/3.13.0-rc1/CompilerIdC
    write-file /Users/ericbbpeng/Documents/GitProject/test/glfwMac/CMakeFiles/3.13.0-rc1/CompilerIdC/CompilerIdC.build/Debug/CompilerIdC.build/CompilerIdC-own-target-headers.hmap

WriteAuxiliaryFile /Users/ericbbpeng/Documents/GitProject/test/glfwMac/CMakeFiles/3.13.0-rc1/CompilerIdC/CompilerIdC.build/Debug/CompilerIdC.build/CompilerIdC.hmap (in target: CompilerIdC)
    cd /Users/ericbbpeng/Documents/GitProject/test/glfwMac/CMakeFiles/3.13.0-rc1/CompilerIdC
    write-file /Users/ericbbpeng/Documents/GitProject/test/glfwMac/CMakeFiles/3.13.0-rc1/CompilerIdC/CompilerIdC.build/Debug/CompilerIdC.build/CompilerIdC.hmap

WriteAuxiliaryFile /Users/ericbbpeng/Documents/GitProject/test/glfwMac/CMakeFiles/3.13.0-rc1/CompilerIdC/CompilerIdC.build/Debug/CompilerIdC.build/CompilerIdC-generated-files.hmap (in target: CompilerIdC)
    cd /Users/ericbbpeng/Documents/GitProject/test/glfwMac/CMakeFiles/3.13.0-rc1/CompilerIdC
    write-file /Users/ericbbpeng/Documents/GitProject/test/glfwMac/CMakeFiles/3.13.0-rc1/CompilerIdC/CompilerIdC.build/Debug/CompilerIdC.build/CompilerIdC-generated-files.hmap

WriteAuxiliaryFile /Users/ericbbpeng/Documents/GitProject/test/glfwMac/CMakeFiles/3.13.0-rc1/CompilerIdC/CompilerIdC.build/Debug/CompilerIdC.build/CompilerIdC-project-headers.hmap (in target: CompilerIdC)
    cd /Users/ericbbpeng/Documents/GitProject/test/glfwMac/CMakeFiles/3.13.0-rc1/CompilerIdC
    write-file /Users/ericbbpeng/Documents/GitProject/test/glfwMac/CMakeFiles/3.13.0-rc1/CompilerIdC/CompilerIdC.build/Debug/CompilerIdC.build/CompilerIdC-project-headers.hmap

WriteAuxiliaryFile /Users/ericbbpeng/Documents/GitProject/test/glfwMac/CMakeFiles/3.13.0-rc1/CompilerIdC/CompilerIdC.build/Debug/CompilerIdC.build/CompilerIdC-all-non-framework-target-headers.hmap (in target: CompilerIdC)
    cd /Users/ericbbpeng/Documents/GitProject/test/glfwMac/CMakeFiles/3.13.0-rc1/CompilerIdC
    write-file /Users/ericbbpeng/Documents/GitProject/test/glfwMac/CMakeFiles/3.13.0-rc1/CompilerIdC/CompilerIdC.build/Debug/CompilerIdC.build/CompilerIdC-all-non-framework-target-headers.hmap

CompileC /Users/ericbbpeng/Documents/GitProject/test/glfwMac/CMakeFiles/3.13.0-rc1/CompilerIdC/CompilerIdC.build/Debug/CompilerIdC.build/Objects-normal/x86_64/CMakeCCompilerId.o /Users/ericbbpeng/Documents/GitProject/test/glfwMac/CMakeFiles/3.13.0-rc1/CompilerIdC/CMakeCCompilerId.c normal x86_64 c com.apple.compilers.llvm.clang.1_0.compiler (in target: CompilerIdC)
    cd /Users/ericbbpeng/Documents/GitProject/test/glfwMac/CMakeFiles/3.13.0-rc1/CompilerIdC
    export LANG=en_US.US-ASCII
    /Applications/Xcode.app/Contents/Developer/Toolchains/XcodeDefault.xctoolchain/usr/bin/clang -x c -arch x86_64 -fmessage-length=0 -fdiagnostics-show-note-include-stack -fmacro-backtrace-limit=0 -Wno-trigraphs -fpascal-strings -Os -Wno-missing-field-initializers -Wno-missing-prototypes -Wno-return-type -Wno-missing-braces -Wparentheses -Wswitch -Wno-unused-function -Wno-unused-label -Wno-unused-parameter -Wno-unused-variable -Wunused-value -Wno-empty-body -Wno-uninitialized -Wno-unknown-pragmas -Wno-shadow -Wno-four-char-constants -Wno-conversion -Wno-constant-conversion -Wno-int-conversion -Wno-bool-conversion -Wno-enum-conversion -Wno-float-conversion -Wno-non-literal-null-conversion -Wno-objc-literal-conversion -Wno-shorten-64-to-32 -Wpointer-sign -Wno-newline-eof -isysroot /Applications/Xcode.app/Contents/Developer/Platforms/MacOSX.platform/Developer/SDKs/MacOSX10.14.sdk -fasm-blocks -fstrict-aliasing -Wdeprecated-declarations -mmacosx-version-min=10.14 -g -fvisibility=hidden -Wno-sign-conversion -Wno-infinite-recursion -Wno-comma -Wno-block-capture-autoreleasing -Wno-strict-prototypes -Wno-semicolon-before-method-body -iquote /Users/ericbbpeng/Documents/GitProject/test/glfwMac/CMakeFiles/3.13.0-rc1/CompilerIdC/CompilerIdC.build/Debug/CompilerIdC.build/CompilerIdC-generated-files.hmap -I/Users/ericbbpeng/Documents/GitProject/test/glfwMac/CMakeFiles/3.13.0-rc1/CompilerIdC/CompilerIdC.build/Debug/CompilerIdC.build/CompilerIdC-own-target-headers.hmap -I/Users/ericbbpeng/Documents/GitProject/test/glfwMac/CMakeFiles/3.13.0-rc1/CompilerIdC/CompilerIdC.build/Debug/CompilerIdC.build/CompilerIdC-all-target-headers.hmap -iquote /Users/ericbbpeng/Documents/GitProject/test/glfwMac/CMakeFiles/3.13.0-rc1/CompilerIdC/CompilerIdC.build/Debug/CompilerIdC.build/CompilerIdC-project-headers.hmap -I/Users/ericbbpeng/Documents/GitProject/test/glfwMac/CMakeFiles/3.13.0-rc1/CompilerIdC/include -I/Users/ericbbpeng/Documents/GitProject/test/glfwMac/CMakeFiles/3.13.0-rc1/CompilerIdC/CompilerIdC.build/Debug/CompilerIdC.build/DerivedSources/x86_64 -I/Users/ericbbpeng/Documents/GitProject/test/glfwMac/CMakeFiles/3.13.0-rc1/CompilerIdC/CompilerIdC.build/Debug/CompilerIdC.build/DerivedSources -F/Users/ericbbpeng/Documents/GitProject/test/glfwMac/CMakeFiles/3.13.0-rc1/CompilerIdC -MMD -MT dependencies -MF /Users/ericbbpeng/Documents/GitProject/test/glfwMac/CMakeFiles/3.13.0-rc1/CompilerIdC/CompilerIdC.build/Debug/CompilerIdC.build/Objects-normal/x86_64/CMakeCCompilerId.d --serialize-diagnostics /Users/ericbbpeng/Documents/GitProject/test/glfwMac/CMakeFiles/3.13.0-rc1/CompilerIdC/CompilerIdC.build/Debug/CompilerIdC.build/Objects-normal/x86_64/CMakeCCompilerId.dia -c /Users/ericbbpeng/Documents/GitProject/test/glfwMac/CMakeFiles/3.13.0-rc1/CompilerIdC/CMakeCCompilerId.c -o /Users/ericbbpeng/Documents/GitProject/test/glfwMac/CMakeFiles/3.13.0-rc1/CompilerIdC/CompilerIdC.build/Debug/CompilerIdC.build/Objects-normal/x86_64/CMakeCCompilerId.o

WriteAuxiliaryFile /Users/ericbbpeng/Documents/GitProject/test/glfwMac/CMakeFiles/3.13.0-rc1/CompilerIdC/CompilerIdC.build/Debug/CompilerIdC.build/Objects-normal/x86_64/CompilerIdC.LinkFileList (in target: CompilerIdC)
    cd /Users/ericbbpeng/Documents/GitProject/test/glfwMac/CMakeFiles/3.13.0-rc1/CompilerIdC
    write-file /Users/ericbbpeng/Documents/GitProject/test/glfwMac/CMakeFiles/3.13.0-rc1/CompilerIdC/CompilerIdC.build/Debug/CompilerIdC.build/Objects-normal/x86_64/CompilerIdC.LinkFileList

Ld /Users/ericbbpeng/Documents/GitProject/test/glfwMac/CMakeFiles/3.13.0-rc1/CompilerIdC/CompilerIdC normal x86_64 (in target: CompilerIdC)
    cd /Users/ericbbpeng/Documents/GitProject/test/glfwMac/CMakeFiles/3.13.0-rc1/CompilerIdC
    export MACOSX_DEPLOYMENT_TARGET=10.14
    /Applications/Xcode.app/Contents/Developer/Toolchains/XcodeDefault.xctoolchain/usr/bin/clang -arch x86_64 -isysroot /Applications/Xcode.app/Contents/Developer/Platforms/MacOSX.platform/Developer/SDKs/MacOSX10.14.sdk -L/Users/ericbbpeng/Documents/GitProject/test/glfwMac/CMakeFiles/3.13.0-rc1/CompilerIdC -F/Users/ericbbpeng/Documents/GitProject/test/glfwMac/CMakeFiles/3.13.0-rc1/CompilerIdC -filelist /Users/ericbbpeng/Documents/GitProject/test/glfwMac/CMakeFiles/3.13.0-rc1/CompilerIdC/CompilerIdC.build/Debug/CompilerIdC.build/Objects-normal/x86_64/CompilerIdC.LinkFileList -mmacosx-version-min=10.14 -Xlinker -object_path_lto -Xlinker /Users/ericbbpeng/Documents/GitProject/test/glfwMac/CMakeFiles/3.13.0-rc1/CompilerIdC/CompilerIdC.build/Debug/CompilerIdC.build/Objects-normal/x86_64/CompilerIdC_lto.o -Xlinker -dependency_info -Xlinker /Users/ericbbpeng/Documents/GitProject/test/glfwMac/CMakeFiles/3.13.0-rc1/CompilerIdC/CompilerIdC.build/Debug/CompilerIdC.build/Objects-normal/x86_64/CompilerIdC_dependency_info.dat -o /Users/ericbbpeng/Documents/GitProject/test/glfwMac/CMakeFiles/3.13.0-rc1/CompilerIdC/CompilerIdC

WriteAuxiliaryFile /Users/ericbbpeng/Documents/GitProject/test/glfwMac/CMakeFiles/3.13.0-rc1/CompilerIdC/CompilerIdC.build/Debug/CompilerIdC.build/Script-2C8FEB8E15DC1A1A00E56A5D.sh (in target: CompilerIdC)
    cd /Users/ericbbpeng/Documents/GitProject/test/glfwMac/CMakeFiles/3.13.0-rc1/CompilerIdC
    write-file /Users/ericbbpeng/Documents/GitProject/test/glfwMac/CMakeFiles/3.13.0-rc1/CompilerIdC/CompilerIdC.build/Debug/CompilerIdC.build/Script-2C8FEB8E15DC1A1A00E56A5D.sh

PhaseScriptExecution Run\ Script /Users/ericbbpeng/Documents/GitProject/test/glfwMac/CMakeFiles/3.13.0-rc1/CompilerIdC/CompilerIdC.build/Debug/CompilerIdC.build/Script-2C8FEB8E15DC1A1A00E56A5D.sh (in target: CompilerIdC)
    cd /Users/ericbbpeng/Documents/GitProject/test/glfwMac/CMakeFiles/3.13.0-rc1/CompilerIdC
    /bin/sh -c /Users/ericbbpeng/Documents/GitProject/test/glfwMac/CMakeFiles/3.13.0-rc1/CompilerIdC/CompilerIdC.build/Debug/CompilerIdC.build/Script-2C8FEB8E15DC1A1A00E56A5D.sh
GCC_VERSION=com.apple.compilers.llvm.clang.1_0
ARCHS=x86_64

** BUILD SUCCEEDED **



Compilation of the C compiler identification source "CMakeCCompilerId.c" produced "CompilerIdC"

The C compiler identification is AppleClang, found in "/Users/ericbbpeng/Documents/GitProject/test/glfwMac/CMakeFiles/3.13.0-rc1/CompilerIdC/CompilerIdC"

Determining if the C compiler works passed with the following output:
Change Dir: /Users/ericbbpeng/Documents/GitProject/test/glfwMac/CMakeFiles/CMakeTmp

Run Build Command:"/usr/bin/xcodebuild" "-project" "CMAKE_TRY_COMPILE.xcodeproj" "build" "-target" "cmTC_59069" "-configuration" "Debug"
Prepare build
note: Using legacy build system

=== BUILD TARGET cmTC_59069 OF PROJECT CMAKE_TRY_COMPILE WITH CONFIGURATION Debug ===

Check dependencies

Write auxiliary files
/bin/mkdir -p /Users/ericbbpeng/Documents/GitProject/test/glfwMac/CMakeFiles/CMakeTmp/CMAKE_TRY_COMPILE.build/Debug/cmTC_59069.build/Objects-normal/x86_64
write-file /Users/ericbbpeng/Documents/GitProject/test/glfwMac/CMakeFiles/CMakeTmp/CMAKE_TRY_COMPILE.build/Debug/cmTC_59069.build/Objects-normal/x86_64/cmTC_59069.LinkFileList

CompileC CMAKE_TRY_COMPILE.build/Debug/cmTC_59069.build/Objects-normal/x86_64/testCCompiler.o testCCompiler.c normal x86_64 c com.apple.compilers.llvm.clang.1_0.compiler
    cd /Users/ericbbpeng/Documents/GitProject/test/glfwMac/CMakeFiles/CMakeTmp
    export LANG=en_US.US-ASCII
    /Applications/Xcode.app/Contents/Developer/Toolchains/XcodeDefault.xctoolchain/usr/bin/clang -x c -arch x86_64 -fmessage-length=0 -fdiagnostics-show-note-include-stack -fmacro-backtrace-limit=0 -Wno-trigraphs -fpascal-strings -O0 -Wno-missing-field-initializers -Wno-missing-prototypes -Wno-return-type -Wno-missing-braces -Wparentheses -Wswitch -Wno-unused-function -Wno-unused-label -Wno-unused-parameter -Wno-unused-variable -Wunused-value -Wno-empty-body -Wno-uninitialized -Wno-unknown-pragmas -Wno-shadow -Wno-four-char-constants -Wno-conversion -Wno-constant-conversion -Wno-int-conversion -Wno-bool-conversion -Wno-enum-conversion -Wno-float-conversion -Wno-non-literal-null-conversion -Wno-objc-literal-conversion -Wno-shorten-64-to-32 -Wpointer-sign -Wno-newline-eof -DCMAKE_INTDIR=\"Debug\" -isysroot /Applications/Xcode.app/Contents/Developer/Platforms/MacOSX.platform/Developer/SDKs/MacOSX10.14.sdk -fasm-blocks -fstrict-aliasing -Wdeprecated-declarations -mmacosx-version-min=10.14 -g -Wno-sign-conversion -Wno-infinite-recursion -Wno-comma -Wno-block-capture-autoreleasing -Wno-strict-prototypes -Wno-semicolon-before-method-body -I/Users/ericbbpeng/Documents/GitProject/test/glfwMac/CMakeFiles/CMakeTmp/Debug/include -I/Users/ericbbpeng/Documents/GitProject/test/glfwMac/CMakeFiles/CMakeTmp/CMAKE_TRY_COMPILE.build/Debug/cmTC_59069.build/DerivedSources/x86_64 -I/Users/ericbbpeng/Documents/GitProject/test/glfwMac/CMakeFiles/CMakeTmp/CMAKE_TRY_COMPILE.build/Debug/cmTC_59069.build/DerivedSources -Wmost -Wno-four-char-constants -Wno-unknown-pragmas -F/Users/ericbbpeng/Documents/GitProject/test/glfwMac/CMakeFiles/CMakeTmp/Debug -MMD -MT dependencies -MF /Users/ericbbpeng/Documents/GitProject/test/glfwMac/CMakeFiles/CMakeTmp/CMAKE_TRY_COMPILE.build/Debug/cmTC_59069.build/Objects-normal/x86_64/testCCompiler.d --serialize-diagnostics /Users/ericbbpeng/Documents/GitProject/test/glfwMac/CMakeFiles/CMakeTmp/CMAKE_TRY_COMPILE.build/Debug/cmTC_59069.build/Objects-normal/x86_64/testCCompiler.dia -c /Users/ericbbpeng/Documents/GitProject/test/glfwMac/CMakeFiles/CMakeTmp/testCCompiler.c -o /Users/ericbbpeng/Documents/GitProject/test/glfwMac/CMakeFiles/CMakeTmp/CMAKE_TRY_COMPILE.build/Debug/cmTC_59069.build/Objects-normal/x86_64/testCCompiler.o

Ld Debug/cmTC_59069 normal x86_64
    cd /Users/ericbbpeng/Documents/GitProject/test/glfwMac/CMakeFiles/CMakeTmp
    export MACOSX_DEPLOYMENT_TARGET=10.14
    /Applications/Xcode.app/Contents/Developer/Toolchains/XcodeDefault.xctoolchain/usr/bin/clang -arch x86_64 -isysroot /Applications/Xcode.app/Contents/Developer/Platforms/MacOSX.platform/Developer/SDKs/MacOSX10.14.sdk -L/Users/ericbbpeng/Documents/GitProject/test/glfwMac/CMakeFiles/CMakeTmp/Debug -F/Users/ericbbpeng/Documents/GitProject/test/glfwMac/CMakeFiles/CMakeTmp/Debug -filelist /Users/ericbbpeng/Documents/GitProject/test/glfwMac/CMakeFiles/CMakeTmp/CMAKE_TRY_COMPILE.build/Debug/cmTC_59069.build/Objects-normal/x86_64/cmTC_59069.LinkFileList -mmacosx-version-min=10.14 -Xlinker -object_path_lto -Xlinker /Users/ericbbpeng/Documents/GitProject/test/glfwMac/CMakeFiles/CMakeTmp/CMAKE_TRY_COMPILE.build/Debug/cmTC_59069.build/Objects-normal/x86_64/cmTC_59069_lto.o -Xlinker -no_deduplicate -Wl,-search_paths_first -Wl,-headerpad_max_install_names -Xlinker -dependency_info -Xlinker /Users/ericbbpeng/Documents/GitProject/test/glfwMac/CMakeFiles/CMakeTmp/CMAKE_TRY_COMPILE.build/Debug/cmTC_59069.build/Objects-normal/x86_64/cmTC_59069_dependency_info.dat -o /Users/ericbbpeng/Documents/GitProject/test/glfwMac/CMakeFiles/CMakeTmp/Debug/cmTC_59069

** BUILD SUCCEEDED **



Detecting C compiler ABI info compiled with the following output:
Change Dir: /Users/ericbbpeng/Documents/GitProject/test/glfwMac/CMakeFiles/CMakeTmp

Run Build Command:"/usr/bin/xcodebuild" "-project" "CMAKE_TRY_COMPILE.xcodeproj" "build" "-target" "cmTC_82170" "-configuration" "Debug"
Prepare build
note: Using legacy build system

=== BUILD TARGET cmTC_82170 OF PROJECT CMAKE_TRY_COMPILE WITH CONFIGURATION Debug ===

Check dependencies

Write auxiliary files
/bin/mkdir -p /Users/ericbbpeng/Documents/GitProject/test/glfwMac/CMakeFiles/CMakeTmp/CMAKE_TRY_COMPILE.build/Debug/cmTC_82170.build/Objects-normal/x86_64
write-file /Users/ericbbpeng/Documents/GitProject/test/glfwMac/CMakeFiles/CMakeTmp/CMAKE_TRY_COMPILE.build/Debug/cmTC_82170.build/Objects-normal/x86_64/cmTC_82170.LinkFileList

CompileC CMAKE_TRY_COMPILE.build/Debug/cmTC_82170.build/Objects-normal/x86_64/CMakeCCompilerABI.o /Applications/CMake.app/Contents/share/cmake-3.13/Modules/CMakeCCompilerABI.c normal x86_64 c com.apple.compilers.llvm.clang.1_0.compiler
    cd /Users/ericbbpeng/Documents/GitProject/test/glfwMac/CMakeFiles/CMakeTmp
    export LANG=en_US.US-ASCII
    /Applications/Xcode.app/Contents/Developer/Toolchains/XcodeDefault.xctoolchain/usr/bin/clang -x c -arch x86_64 -fmessage-length=0 -fdiagnostics-show-note-include-stack -fmacro-backtrace-limit=0 -Wno-trigraphs -fpascal-strings -O0 -Wno-missing-field-initializers -Wno-missing-prototypes -Wno-return-type -Wno-missing-braces -Wparentheses -Wswitch -Wno-unused-function -Wno-unused-label -Wno-unused-parameter -Wno-unused-variable -Wunused-value -Wno-empty-body -Wno-uninitialized -Wno-unknown-pragmas -Wno-shadow -Wno-four-char-constants -Wno-conversion -Wno-constant-conversion -Wno-int-conversion -Wno-bool-conversion -Wno-enum-conversion -Wno-float-conversion -Wno-non-literal-null-conversion -Wno-objc-literal-conversion -Wno-shorten-64-to-32 -Wpointer-sign -Wno-newline-eof -DCMAKE_INTDIR=\"Debug\" -isysroot /Applications/Xcode.app/Contents/Developer/Platforms/MacOSX.platform/Developer/SDKs/MacOSX10.14.sdk -fasm-blocks -fstrict-aliasing -Wdeprecated-declarations -mmacosx-version-min=10.14 -g -Wno-sign-conversion -Wno-infinite-recursion -Wno-comma -Wno-block-capture-autoreleasing -Wno-strict-prototypes -Wno-semicolon-before-method-body -I/Users/ericbbpeng/Documents/GitProject/test/glfwMac/CMakeFiles/CMakeTmp/Debug/include -I/Users/ericbbpeng/Documents/GitProject/test/glfwMac/CMakeFiles/CMakeTmp/CMAKE_TRY_COMPILE.build/Debug/cmTC_82170.build/DerivedSources/x86_64 -I/Users/ericbbpeng/Documents/GitProject/test/glfwMac/CMakeFiles/CMakeTmp/CMAKE_TRY_COMPILE.build/Debug/cmTC_82170.build/DerivedSources -Wmost -Wno-four-char-constants -Wno-unknown-pragmas -F/Users/ericbbpeng/Documents/GitProject/test/glfwMac/CMakeFiles/CMakeTmp/Debug -MMD -MT dependencies -MF /Users/ericbbpeng/Documents/GitProject/test/glfwMac/CMakeFiles/CMakeTmp/CMAKE_TRY_COMPILE.build/Debug/cmTC_82170.build/Objects-normal/x86_64/CMakeCCompilerABI.d --serialize-diagnostics /Users/ericbbpeng/Documents/GitProject/test/glfwMac/CMakeFiles/CMakeTmp/CMAKE_TRY_COMPILE.build/Debug/cmTC_82170.build/Objects-normal/x86_64/CMakeCCompilerABI.dia -c /Applications/CMake.app/Contents/share/cmake-3.13/Modules/CMakeCCompilerABI.c -o /Users/ericbbpeng/Documents/GitProject/test/glfwMac/CMakeFiles/CMakeTmp/CMAKE_TRY_COMPILE.build/Debug/cmTC_82170.build/Objects-normal/x86_64/CMakeCCompilerABI.o

Ld Debug/cmTC_82170 normal x86_64
    cd /Users/ericbbpeng/Documents/GitProject/test/glfwMac/CMakeFiles/CMakeTmp
    export MACOSX_DEPLOYMENT_TARGET=10.14
    /Applications/Xcode.app/Contents/Developer/Toolchains/XcodeDefault.xctoolchain/usr/bin/clang -arch x86_64 -isysroot /Applications/Xcode.app/Contents/Developer/Platforms/MacOSX.platform/Developer/SDKs/MacOSX10.14.sdk -L/Users/ericbbpeng/Documents/GitProject/test/glfwMac/CMakeFiles/CMakeTmp/Debug -F/Users/ericbbpeng/Documents/GitProject/test/glfwMac/CMakeFiles/CMakeTmp/Debug -filelist /Users/ericbbpeng/Documents/GitProject/test/glfwMac/CMakeFiles/CMakeTmp/CMAKE_TRY_COMPILE.build/Debug/cmTC_82170.build/Objects-normal/x86_64/cmTC_82170.LinkFileList -mmacosx-version-min=10.14 -Xlinker -object_path_lto -Xlinker /Users/ericbbpeng/Documents/GitProject/test/glfwMac/CMakeFiles/CMakeTmp/CMAKE_TRY_COMPILE.build/Debug/cmTC_82170.build/Objects-normal/x86_64/cmTC_82170_lto.o -Xlinker -no_deduplicate -v -Wl,-v -Wl,-search_paths_first -Wl,-headerpad_max_install_names -Xlinker -dependency_info -Xlinker /Users/ericbbpeng/Documents/GitProject/test/glfwMac/CMakeFiles/CMakeTmp/CMAKE_TRY_COMPILE.build/Debug/cmTC_82170.build/Objects-normal/x86_64/cmTC_82170_dependency_info.dat -o /Users/ericbbpeng/Documents/GitProject/test/glfwMac/CMakeFiles/CMakeTmp/Debug/cmTC_82170
Apple LLVM version 10.0.0 (clang-1000.11.45.2)
Target: x86_64-apple-darwin18.0.0
Thread model: posix
InstalledDir: /Applications/Xcode.app/Contents/Developer/Toolchains/XcodeDefault.xctoolchain/usr/bin
 "/Applications/Xcode.app/Contents/Developer/Toolchains/XcodeDefault.xctoolchain/usr/bin/ld" -demangle -lto_library /Applications/Xcode.app/Contents/Developer/Toolchains/XcodeDefault.xctoolchain/usr/lib/libLTO.dylib -dynamic -arch x86_64 -macosx_version_min 10.14.0 -syslibroot /Applications/Xcode.app/Contents/Developer/Platforms/MacOSX.platform/Developer/SDKs/MacOSX10.14.sdk -o /Users/ericbbpeng/Documents/GitProject/test/glfwMac/CMakeFiles/CMakeTmp/Debug/cmTC_82170 -L/Users/ericbbpeng/Documents/GitProject/test/glfwMac/CMakeFiles/CMakeTmp/Debug -filelist /Users/ericbbpeng/Documents/GitProject/test/glfwMac/CMakeFiles/CMakeTmp/CMAKE_TRY_COMPILE.build/Debug/cmTC_82170.build/Objects-normal/x86_64/cmTC_82170.LinkFileList -object_path_lto /Users/ericbbpeng/Documents/GitProject/test/glfwMac/CMakeFiles/CMakeTmp/CMAKE_TRY_COMPILE.build/Debug/cmTC_82170.build/Objects-normal/x86_64/cmTC_82170_lto.o -no_deduplicate -v -search_paths_first -headerpad_max_install_names -dependency_info /Users/ericbbpeng/Documents/GitProject/test/glfwMac/CMakeFiles/CMakeTmp/CMAKE_TRY_COMPILE.build/Debug/cmTC_82170.build/Objects-normal/x86_64/cmTC_82170_dependency_info.dat -lSystem /Applications/Xcode.app/Contents/Developer/Toolchains/XcodeDefault.xctoolchain/usr/lib/clang/10.0.0/lib/darwin/libclang_rt.osx.a -F/Users/ericbbpeng/Documents/GitProject/test/glfwMac/CMakeFiles/CMakeTmp/Debug
@(#)PROGRAM:ld  PROJECT:ld64-409.12
BUILD 02:04:28 Aug 14 2018
configured to support archs: armv6 armv7 armv7s arm64 i386 x86_64 x86_64h armv6m armv7k armv7m armv7em arm64e arm64_32
Library search paths:
	/Users/ericbbpeng/Documents/GitProject/test/glfwMac/CMakeFiles/CMakeTmp/Debug
	/Applications/Xcode.app/Contents/Developer/Platforms/MacOSX.platform/Developer/SDKs/MacOSX10.14.sdk/usr/lib
Framework search paths:
	/Users/ericbbpeng/Documents/GitProject/test/glfwMac/CMakeFiles/CMakeTmp/Debug
	/Applications/Xcode.app/Contents/Developer/Platforms/MacOSX.platform/Developer/SDKs/MacOSX10.14.sdk/System/Library/Frameworks/

** BUILD SUCCEEDED **



Parsed C implicit link information from above output:
  link line regex: [^( *|.*[/\])(ld|CMAKE_LINK_STARTFILE-NOTFOUND|([^/\]+-)?ld|collect2)[^/\]*( |$)]
  ignore line: [Change Dir: /Users/ericbbpeng/Documents/GitProject/test/glfwMac/CMakeFiles/CMakeTmp]
  ignore line: []
  ignore line: [Run Build Command:"/usr/bin/xcodebuild" "-project" "CMAKE_TRY_COMPILE.xcodeproj" "build" "-target" "cmTC_82170" "-configuration" "Debug"]
  ignore line: [Prepare build]
  ignore line: [note: Using legacy build system]
  ignore line: []
  ignore line: [=== BUILD TARGET cmTC_82170 OF PROJECT CMAKE_TRY_COMPILE WITH CONFIGURATION Debug ===]
  ignore line: []
  ignore line: [Check dependencies]
  ignore line: []
  ignore line: [Write auxiliary files]
  ignore line: [/bin/mkdir -p /Users/ericbbpeng/Documents/GitProject/test/glfwMac/CMakeFiles/CMakeTmp/CMAKE_TRY_COMPILE.build/Debug/cmTC_82170.build/Objects-normal/x86_64]
  ignore line: [write-file /Users/ericbbpeng/Documents/GitProject/test/glfwMac/CMakeFiles/CMakeTmp/CMAKE_TRY_COMPILE.build/Debug/cmTC_82170.build/Objects-normal/x86_64/cmTC_82170.LinkFileList]
  ignore line: []
  ignore line: [CompileC CMAKE_TRY_COMPILE.build/Debug/cmTC_82170.build/Objects-normal/x86_64/CMakeCCompilerABI.o /Applications/CMake.app/Contents/share/cmake-3.13/Modules/CMakeCCompilerABI.c normal x86_64 c com.apple.compilers.llvm.clang.1_0.compiler]
  ignore line: [    cd /Users/ericbbpeng/Documents/GitProject/test/glfwMac/CMakeFiles/CMakeTmp]
  ignore line: [    export LANG=en_US.US-ASCII]
  ignore line: [    /Applications/Xcode.app/Contents/Developer/Toolchains/XcodeDefault.xctoolchain/usr/bin/clang -x c -arch x86_64 -fmessage-length=0 -fdiagnostics-show-note-include-stack -fmacro-backtrace-limit=0 -Wno-trigraphs -fpascal-strings -O0 -Wno-missing-field-initializers -Wno-missing-prototypes -Wno-return-type -Wno-missing-braces -Wparentheses -Wswitch -Wno-unused-function -Wno-unused-label -Wno-unused-parameter -Wno-unused-variable -Wunused-value -Wno-empty-body -Wno-uninitialized -Wno-unknown-pragmas -Wno-shadow -Wno-four-char-constants -Wno-conversion -Wno-constant-conversion -Wno-int-conversion -Wno-bool-conversion -Wno-enum-conversion -Wno-float-conversion -Wno-non-literal-null-conversion -Wno-objc-literal-conversion -Wno-shorten-64-to-32 -Wpointer-sign -Wno-newline-eof -DCMAKE_INTDIR=\"Debug\" -isysroot /Applications/Xcode.app/Contents/Developer/Platforms/MacOSX.platform/Developer/SDKs/MacOSX10.14.sdk -fasm-blocks -fstrict-aliasing -Wdeprecated-declarations -mmacosx-version-min=10.14 -g -Wno-sign-conversion -Wno-infinite-recursion -Wno-comma -Wno-block-capture-autoreleasing -Wno-strict-prototypes -Wno-semicolon-before-method-body -I/Users/ericbbpeng/Documents/GitProject/test/glfwMac/CMakeFiles/CMakeTmp/Debug/include -I/Users/ericbbpeng/Documents/GitProject/test/glfwMac/CMakeFiles/CMakeTmp/CMAKE_TRY_COMPILE.build/Debug/cmTC_82170.build/DerivedSources/x86_64 -I/Users/ericbbpeng/Documents/GitProject/test/glfwMac/CMakeFiles/CMakeTmp/CMAKE_TRY_COMPILE.build/Debug/cmTC_82170.build/DerivedSources -Wmost -Wno-four-char-constants -Wno-unknown-pragmas -F/Users/ericbbpeng/Documents/GitProject/test/glfwMac/CMakeFiles/CMakeTmp/Debug -MMD -MT dependencies -MF /Users/ericbbpeng/Documents/GitProject/test/glfwMac/CMakeFiles/CMakeTmp/CMAKE_TRY_COMPILE.build/Debug/cmTC_82170.build/Objects-normal/x86_64/CMakeCCompilerABI.d --serialize-diagnostics /Users/ericbbpeng/Documents/GitProject/test/glfwMac/CMakeFiles/CMakeTmp/CMAKE_TRY_COMPILE.build/Debug/cmTC_82170.build/Objects-normal/x86_64/CMakeCCompilerABI.dia -c /Applications/CMake.app/Contents/share/cmake-3.13/Modules/CMakeCCompilerABI.c -o /Users/ericbbpeng/Documents/GitProject/test/glfwMac/CMakeFiles/CMakeTmp/CMAKE_TRY_COMPILE.build/Debug/cmTC_82170.build/Objects-normal/x86_64/CMakeCCompilerABI.o]
  ignore line: []
  ignore line: [Ld Debug/cmTC_82170 normal x86_64]
  ignore line: [    cd /Users/ericbbpeng/Documents/GitProject/test/glfwMac/CMakeFiles/CMakeTmp]
  ignore line: [    export MACOSX_DEPLOYMENT_TARGET=10.14]
  ignore line: [    /Applications/Xcode.app/Contents/Developer/Toolchains/XcodeDefault.xctoolchain/usr/bin/clang -arch x86_64 -isysroot /Applications/Xcode.app/Contents/Developer/Platforms/MacOSX.platform/Developer/SDKs/MacOSX10.14.sdk -L/Users/ericbbpeng/Documents/GitProject/test/glfwMac/CMakeFiles/CMakeTmp/Debug -F/Users/ericbbpeng/Documents/GitProject/test/glfwMac/CMakeFiles/CMakeTmp/Debug -filelist /Users/ericbbpeng/Documents/GitProject/test/glfwMac/CMakeFiles/CMakeTmp/CMAKE_TRY_COMPILE.build/Debug/cmTC_82170.build/Objects-normal/x86_64/cmTC_82170.LinkFileList -mmacosx-version-min=10.14 -Xlinker -object_path_lto -Xlinker /Users/ericbbpeng/Documents/GitProject/test/glfwMac/CMakeFiles/CMakeTmp/CMAKE_TRY_COMPILE.build/Debug/cmTC_82170.build/Objects-normal/x86_64/cmTC_82170_lto.o -Xlinker -no_deduplicate -v -Wl,-v -Wl,-search_paths_first -Wl,-headerpad_max_install_names -Xlinker -dependency_info -Xlinker /Users/ericbbpeng/Documents/GitProject/test/glfwMac/CMakeFiles/CMakeTmp/CMAKE_TRY_COMPILE.build/Debug/cmTC_82170.build/Objects-normal/x86_64/cmTC_82170_dependency_info.dat -o /Users/ericbbpeng/Documents/GitProject/test/glfwMac/CMakeFiles/CMakeTmp/Debug/cmTC_82170]
  ignore line: [Apple LLVM version 10.0.0 (clang-1000.11.45.2)]
  ignore line: [Target: x86_64-apple-darwin18.0.0]
  ignore line: [Thread model: posix]
  ignore line: [InstalledDir: /Applications/Xcode.app/Contents/Developer/Toolchains/XcodeDefault.xctoolchain/usr/bin]
  reduced line: [ "/Applications/Xcode.app/Contents/Developer/Toolchains/XcodeDefault.xctoolchain/usr/bin/ld" -demangle -lto_library /Applications/Xcode.app/Contents/Developer/Toolchains/XcodeDefault.xctoolchain/usr/lib/libLTO.dylib -dynamic -arch x86_64 -macosx_version_min 10.14.0 -syslibroot /Applications/Xcode.app/Contents/Developer/Platforms/MacOSX.platform/Developer/SDKs/MacOSX10.14.sdk -o /Users/ericbbpeng/Documents/GitProject/test/glfwMac/CMakeFiles/CMakeTmp/Debug/cmTC_82170 -L/Users/ericbbpeng/Documents/GitProject/test/glfwMac/CMakeFiles/CMakeTmp/Debug -filelist /Users/ericbbpeng/Documents/GitProject/test/glfwMac/CMakeFiles/CMakeTmp/CMAKE_TRY_COMPILE.build/Debug/cmTC_82170.build/Objects-normal/x86_64/cmTC_82170.LinkFileList -object_path_lto /Users/ericbbpeng/Documents/GitProject/test/glfwMac/CMakeFiles/CMakeTmp/CMAKE_TRY_COMPILE.build/Debug/cmTC_82170.build/Objects-normal/x86_64/cmTC_82170_lto.o -no_deduplicate -v -search_paths_first -headerpad_max_install_names -dependency_info /Users/ericbbpeng/Documents/GitProject/test/glfwMac/CMakeFiles/CMakeTmp/CMAKE_TRY_COMPILE.build/Debug/cmTC_82170.build/Objects-normal/x86_64/cmTC_82170_dependency_info.dat -lSystem /Applications/Xcode.app/Contents/Developer/Toolchains/XcodeDefault.xctoolchain/usr/lib/clang/10.0.0/lib/darwin/libclang_rt.osx.a -F/Users/ericbbpeng/Documents/GitProject/test/glfwMac/CMakeFiles/CMakeTmp/Debug]
            to: [ "/Applications/Xcode.app/Contents/Developer/Toolchains/XcodeDefault.xctoolchain/usr/bin/ld" -demangle -lto_library /Applications/Xcode.app/Contents/Developer/Toolchains/XcodeDefault.xctoolchain/usr/lib/libLTO.dylib -dynamic -arch x86_64 -macosx_version_min 10.14.0 -syslibroot /Applications/Xcode.app/Contents/Developer/Platforms/MacOSX.platform/Developer/SDKs/MacOSX10.14.sdk -o /Users/ericbbpeng/Documents/GitProject/test/glfwMac/CMakeFiles/CMakeTmp/Debug/cmTC_82170 -filelist /Users/ericbbpeng/Documents/GitProject/test/glfwMac/CMakeFiles/CMakeTmp/CMAKE_TRY_COMPILE.build/Debug/cmTC_82170.build/Objects-normal/x86_64/cmTC_82170.LinkFileList -object_path_lto /Users/ericbbpeng/Documents/GitProject/test/glfwMac/CMakeFiles/CMakeTmp/CMAKE_TRY_COMPILE.build/Debug/cmTC_82170.build/Objects-normal/x86_64/cmTC_82170_lto.o -no_deduplicate -v -search_paths_first -headerpad_max_install_names -dependency_info /Users/ericbbpeng/Documents/GitProject/test/glfwMac/CMakeFiles/CMakeTmp/CMAKE_TRY_COMPILE.build/Debug/cmTC_82170.build/Objects-normal/x86_64/cmTC_82170_dependency_info.dat -lSystem /Applications/Xcode.app/Contents/Developer/Toolchains/XcodeDefault.xctoolchain/usr/lib/clang/10.0.0/lib/darwin/libclang_rt.osx.a ]
  link line: [ "/Applications/Xcode.app/Contents/Developer/Toolchains/XcodeDefault.xctoolchain/usr/bin/ld" -demangle -lto_library /Applications/Xcode.app/Contents/Developer/Toolchains/XcodeDefault.xctoolchain/usr/lib/libLTO.dylib -dynamic -arch x86_64 -macosx_version_min 10.14.0 -syslibroot /Applications/Xcode.app/Contents/Developer/Platforms/MacOSX.platform/Developer/SDKs/MacOSX10.14.sdk -o /Users/ericbbpeng/Documents/GitProject/test/glfwMac/CMakeFiles/CMakeTmp/Debug/cmTC_82170 -filelist /Users/ericbbpeng/Documents/GitProject/test/glfwMac/CMakeFiles/CMakeTmp/CMAKE_TRY_COMPILE.build/Debug/cmTC_82170.build/Objects-normal/x86_64/cmTC_82170.LinkFileList -object_path_lto /Users/ericbbpeng/Documents/GitProject/test/glfwMac/CMakeFiles/CMakeTmp/CMAKE_TRY_COMPILE.build/Debug/cmTC_82170.build/Objects-normal/x86_64/cmTC_82170_lto.o -no_deduplicate -v -search_paths_first -headerpad_max_install_names -dependency_info /Users/ericbbpeng/Documents/GitProject/test/glfwMac/CMakeFiles/CMakeTmp/CMAKE_TRY_COMPILE.build/Debug/cmTC_82170.build/Objects-normal/x86_64/cmTC_82170_dependency_info.dat -lSystem /Applications/Xcode.app/Contents/Developer/Toolchains/XcodeDefault.xctoolchain/usr/lib/clang/10.0.0/lib/darwin/libclang_rt.osx.a ]
    arg [/Applications/Xcode.app/Contents/Developer/Toolchains/XcodeDefault.xctoolchain/usr/bin/ld] ==> ignore
    arg [-demangle] ==> ignore
    arg [-lto_library] ==> ignore, skip following value
    arg [/Applications/Xcode.app/Contents/Developer/Toolchains/XcodeDefault.xctoolchain/usr/lib/libLTO.dylib] ==> skip value of -lto_library
    arg [-dynamic] ==> ignore
    arg [-arch] ==> ignore
    arg [x86_64] ==> ignore
    arg [-macosx_version_min] ==> ignore
    arg [10.14.0] ==> ignore
    arg [-syslibroot] ==> ignore
    arg [/Applications/Xcode.app/Contents/Developer/Platforms/MacOSX.platform/Developer/SDKs/MacOSX10.14.sdk] ==> ignore
    arg [-o] ==> ignore
    arg [/Users/ericbbpeng/Documents/GitProject/test/glfwMac/CMakeFiles/CMakeTmp/Debug/cmTC_82170] ==> ignore
    arg [-filelist] ==> ignore
    arg [/Users/ericbbpeng/Documents/GitProject/test/glfwMac/CMakeFiles/CMakeTmp/CMAKE_TRY_COMPILE.build/Debug/cmTC_82170.build/Objects-normal/x86_64/cmTC_82170.LinkFileList] ==> ignore
    arg [-object_path_lto] ==> ignore
    arg [/Users/ericbbpeng/Documents/GitProject/test/glfwMac/CMakeFiles/CMakeTmp/CMAKE_TRY_COMPILE.build/Debug/cmTC_82170.build/Objects-normal/x86_64/cmTC_82170_lto.o] ==> ignore
    arg [-no_deduplicate] ==> ignore
    arg [-v] ==> ignore
    arg [-search_paths_first] ==> ignore
    arg [-headerpad_max_install_names] ==> ignore
    arg [-dependency_info] ==> ignore
    arg [/Users/ericbbpeng/Documents/GitProject/test/glfwMac/CMakeFiles/CMakeTmp/CMAKE_TRY_COMPILE.build/Debug/cmTC_82170.build/Objects-normal/x86_64/cmTC_82170_dependency_info.dat] ==> ignore
    arg [-lSystem] ==> lib [System]
    arg [/Applications/Xcode.app/Contents/Developer/Toolchains/XcodeDefault.xctoolchain/usr/lib/clang/10.0.0/lib/darwin/libclang_rt.osx.a] ==> lib [/Applications/Xcode.app/Contents/Developer/Toolchains/XcodeDefault.xctoolchain/usr/lib/clang/10.0.0/lib/darwin/libclang_rt.osx.a]
  Library search paths: [;/Users/ericbbpeng/Documents/GitProject/test/glfwMac/CMakeFiles/CMakeTmp/Debug;/Applications/Xcode.app/Contents/Developer/Platforms/MacOSX.platform/Developer/SDKs/MacOSX10.14.sdk/usr/lib]
  Framework search paths: [;/Users/ericbbpeng/Documents/GitProject/test/glfwMac/CMakeFiles/CMakeTmp/Debug;/Applications/Xcode.app/Contents/Developer/Platforms/MacOSX.platform/Developer/SDKs/MacOSX10.14.sdk/System/Library/Frameworks/]
  remove lib [System]
  remove lib [/Applications/Xcode.app/Contents/Developer/Toolchains/XcodeDefault.xctoolchain/usr/lib/clang/10.0.0/lib/darwin/libclang_rt.osx.a]
  collapse library dir [/Users/ericbbpeng/Documents/GitProject/test/glfwMac/CMakeFiles/CMakeTmp/Debug] ==> [/Users/ericbbpeng/Documents/GitProject/test/glfwMac/CMakeFiles/CMakeTmp/Debug], skipping non-system directory
  collapse library dir [/Applications/Xcode.app/Contents/Developer/Platforms/MacOSX.platform/Developer/SDKs/MacOSX10.14.sdk/usr/lib] ==> [/Applications/Xcode.app/Contents/Developer/Platforms/MacOSX.platform/Developer/SDKs/MacOSX10.14.sdk/usr/lib]
  collapse framework dir [/Users/ericbbpeng/Documents/GitProject/test/glfwMac/CMakeFiles/CMakeTmp/Debug] ==> [/Users/ericbbpeng/Documents/GitProject/test/glfwMac/CMakeFiles/CMakeTmp/Debug], skipping non-system directory
  collapse framework dir [/Applications/Xcode.app/Contents/Developer/Platforms/MacOSX.platform/Developer/SDKs/MacOSX10.14.sdk/System/Library/Frameworks/] ==> [/Applications/Xcode.app/Contents/Developer/Platforms/MacOSX.platform/Developer/SDKs/MacOSX10.14.sdk/System/Library/Frameworks]
  implicit libs: []
  implicit dirs: [/Applications/Xcode.app/Contents/Developer/Platforms/MacOSX.platform/Developer/SDKs/MacOSX10.14.sdk/usr/lib]
  implicit fwks: [/Applications/Xcode.app/Contents/Developer/Platforms/MacOSX.platform/Developer/SDKs/MacOSX10.14.sdk/System/Library/Frameworks]




Detecting C [-std=c11] compiler features compiled with the following output:
Change Dir: /Users/ericbbpeng/Documents/GitProject/test/glfwMac/CMakeFiles/CMakeTmp

Run Build Command:"/usr/bin/xcodebuild" "-project" "CMAKE_TRY_COMPILE.xcodeproj" "build" "-target" "cmTC_72b86" "-configuration" "Debug"
Prepare build
note: Using legacy build system

=== BUILD TARGET cmTC_72b86 OF PROJECT CMAKE_TRY_COMPILE WITH CONFIGURATION Debug ===

Check dependencies

Write auxiliary files
/bin/mkdir -p /Users/ericbbpeng/Documents/GitProject/test/glfwMac/CMakeFiles/CMakeTmp/CMAKE_TRY_COMPILE.build/Debug/cmTC_72b86.build/Objects-normal/x86_64
write-file /Users/ericbbpeng/Documents/GitProject/test/glfwMac/CMakeFiles/CMakeTmp/CMAKE_TRY_COMPILE.build/Debug/cmTC_72b86.build/Objects-normal/x86_64/cmTC_72b86.LinkFileList

CompileC CMAKE_TRY_COMPILE.build/Debug/cmTC_72b86.build/Objects-normal/x86_64/feature_tests.o /Users/ericbbpeng/Documents/GitProject/test/glfwMac/CMakeFiles/feature_tests.c normal x86_64 c com.apple.compilers.llvm.clang.1_0.compiler
    cd /Users/ericbbpeng/Documents/GitProject/test/glfwMac/CMakeFiles/CMakeTmp
    export LANG=en_US.US-ASCII
    /Applications/Xcode.app/Contents/Developer/Toolchains/XcodeDefault.xctoolchain/usr/bin/clang -x c -arch x86_64 -fmessage-length=0 -fdiagnostics-show-note-include-stack -fmacro-backtrace-limit=0 -Wno-trigraphs -fpascal-strings -O0 -Wno-missing-field-initializers -Wno-missing-prototypes -Wno-return-type -Wno-missing-braces -Wparentheses -Wswitch -Wno-unused-function -Wno-unused-label -Wno-unused-parameter -Wno-unused-variable -Wunused-value -Wno-empty-body -Wno-uninitialized -Wno-unknown-pragmas -Wno-shadow -Wno-four-char-constants -Wno-conversion -Wno-constant-conversion -Wno-int-conversion -Wno-bool-conversion -Wno-enum-conversion -Wno-float-conversion -Wno-non-literal-null-conversion -Wno-objc-literal-conversion -Wno-shorten-64-to-32 -Wpointer-sign -Wno-newline-eof -DCMAKE_INTDIR=\"Debug\" -isysroot /Applications/Xcode.app/Contents/Developer/Platforms/MacOSX.platform/Developer/SDKs/MacOSX10.14.sdk -fasm-blocks -fstrict-aliasing -Wdeprecated-declarations -mmacosx-version-min=10.14 -g -Wno-sign-conversion -Wno-infinite-recursion -Wno-comma -Wno-block-capture-autoreleasing -Wno-strict-prototypes -Wno-semicolon-before-method-body -I/Users/ericbbpeng/Documents/GitProject/test/glfwMac/CMakeFiles/CMakeTmp/Debug/include -I/Users/ericbbpeng/Documents/GitProject/test/glfwMac/CMakeFiles/CMakeTmp/CMAKE_TRY_COMPILE.build/Debug/cmTC_72b86.build/DerivedSources/x86_64 -I/Users/ericbbpeng/Documents/GitProject/test/glfwMac/CMakeFiles/CMakeTmp/CMAKE_TRY_COMPILE.build/Debug/cmTC_72b86.build/DerivedSources -Wmost -Wno-four-char-constants -Wno-unknown-pragmas -F/Users/ericbbpeng/Documents/GitProject/test/glfwMac/CMakeFiles/CMakeTmp/Debug -std=c11 -MMD -MT dependencies -MF /Users/ericbbpeng/Documents/GitProject/test/glfwMac/CMakeFiles/CMakeTmp/CMAKE_TRY_COMPILE.build/Debug/cmTC_72b86.build/Objects-normal/x86_64/feature_tests.d --serialize-diagnostics /Users/ericbbpeng/Documents/GitProject/test/glfwMac/CMakeFiles/CMakeTmp/CMAKE_TRY_COMPILE.build/Debug/cmTC_72b86.build/Objects-normal/x86_64/feature_tests.dia -c /Users/ericbbpeng/Documents/GitProject/test/glfwMac/CMakeFiles/feature_tests.c -o /Users/ericbbpeng/Documents/GitProject/test/glfwMac/CMakeFiles/CMakeTmp/CMAKE_TRY_COMPILE.build/Debug/cmTC_72b86.build/Objects-normal/x86_64/feature_tests.o

Ld Debug/cmTC_72b86 normal x86_64
    cd /Users/ericbbpeng/Documents/GitProject/test/glfwMac/CMakeFiles/CMakeTmp
    export MACOSX_DEPLOYMENT_TARGET=10.14
    /Applications/Xcode.app/Contents/Developer/Toolchains/XcodeDefault.xctoolchain/usr/bin/clang -arch x86_64 -isysroot /Applications/Xcode.app/Contents/Developer/Platforms/MacOSX.platform/Developer/SDKs/MacOSX10.14.sdk -L/Users/ericbbpeng/Documents/GitProject/test/glfwMac/CMakeFiles/CMakeTmp/Debug -F/Users/ericbbpeng/Documents/GitProject/test/glfwMac/CMakeFiles/CMakeTmp/Debug -filelist /Users/ericbbpeng/Documents/GitProject/test/glfwMac/CMakeFiles/CMakeTmp/CMAKE_TRY_COMPILE.build/Debug/cmTC_72b86.build/Objects-normal/x86_64/cmTC_72b86.LinkFileList -mmacosx-version-min=10.14 -Xlinker -object_path_lto -Xlinker /Users/ericbbpeng/Documents/GitProject/test/glfwMac/CMakeFiles/CMakeTmp/CMAKE_TRY_COMPILE.build/Debug/cmTC_72b86.build/Objects-normal/x86_64/cmTC_72b86_lto.o -Xlinker -no_deduplicate -Wl,-search_paths_first -Wl,-headerpad_max_install_names -Xlinker -dependency_info -Xlinker /Users/ericbbpeng/Documents/GitProject/test/glfwMac/CMakeFiles/CMakeTmp/CMAKE_TRY_COMPILE.build/Debug/cmTC_72b86.build/Objects-normal/x86_64/cmTC_72b86_dependency_info.dat -o /Users/ericbbpeng/Documents/GitProject/test/glfwMac/CMakeFiles/CMakeTmp/Debug/cmTC_72b86

** BUILD SUCCEEDED **



    Feature record: C_FEATURE:1c_function_prototypes
    Feature record: C_FEATURE:1c_restrict
    Feature record: C_FEATURE:1c_static_assert
    Feature record: C_FEATURE:1c_variadic_macros


Detecting C [-std=c99] compiler features compiled with the following output:
Change Dir: /Users/ericbbpeng/Documents/GitProject/test/glfwMac/CMakeFiles/CMakeTmp

Run Build Command:"/usr/bin/xcodebuild" "-project" "CMAKE_TRY_COMPILE.xcodeproj" "build" "-target" "cmTC_f29c7" "-configuration" "Debug"
Prepare build
note: Using legacy build system

=== BUILD TARGET cmTC_f29c7 OF PROJECT CMAKE_TRY_COMPILE WITH CONFIGURATION Debug ===

Check dependencies

Write auxiliary files
/bin/mkdir -p /Users/ericbbpeng/Documents/GitProject/test/glfwMac/CMakeFiles/CMakeTmp/CMAKE_TRY_COMPILE.build/Debug/cmTC_f29c7.build/Objects-normal/x86_64
write-file /Users/ericbbpeng/Documents/GitProject/test/glfwMac/CMakeFiles/CMakeTmp/CMAKE_TRY_COMPILE.build/Debug/cmTC_f29c7.build/Objects-normal/x86_64/cmTC_f29c7.LinkFileList

CompileC CMAKE_TRY_COMPILE.build/Debug/cmTC_f29c7.build/Objects-normal/x86_64/feature_tests.o /Users/ericbbpeng/Documents/GitProject/test/glfwMac/CMakeFiles/feature_tests.c normal x86_64 c com.apple.compilers.llvm.clang.1_0.compiler
    cd /Users/ericbbpeng/Documents/GitProject/test/glfwMac/CMakeFiles/CMakeTmp
    export LANG=en_US.US-ASCII
    /Applications/Xcode.app/Contents/Developer/Toolchains/XcodeDefault.xctoolchain/usr/bin/clang -x c -arch x86_64 -fmessage-length=0 -fdiagnostics-show-note-include-stack -fmacro-backtrace-limit=0 -Wno-trigraphs -fpascal-strings -O0 -Wno-missing-field-initializers -Wno-missing-prototypes -Wno-return-type -Wno-missing-braces -Wparentheses -Wswitch -Wno-unused-function -Wno-unused-label -Wno-unused-parameter -Wno-unused-variable -Wunused-value -Wno-empty-body -Wno-uninitialized -Wno-unknown-pragmas -Wno-shadow -Wno-four-char-constants -Wno-conversion -Wno-constant-conversion -Wno-int-conversion -Wno-bool-conversion -Wno-enum-conversion -Wno-float-conversion -Wno-non-literal-null-conversion -Wno-objc-literal-conversion -Wno-shorten-64-to-32 -Wpointer-sign -Wno-newline-eof -DCMAKE_INTDIR=\"Debug\" -isysroot /Applications/Xcode.app/Contents/Developer/Platforms/MacOSX.platform/Developer/SDKs/MacOSX10.14.sdk -fasm-blocks -fstrict-aliasing -Wdeprecated-declarations -mmacosx-version-min=10.14 -g -Wno-sign-conversion -Wno-infinite-recursion -Wno-comma -Wno-block-capture-autoreleasing -Wno-strict-prototypes -Wno-semicolon-before-method-body -I/Users/ericbbpeng/Documents/GitProject/test/glfwMac/CMakeFiles/CMakeTmp/Debug/include -I/Users/ericbbpeng/Documents/GitProject/test/glfwMac/CMakeFiles/CMakeTmp/CMAKE_TRY_COMPILE.build/Debug/cmTC_f29c7.build/DerivedSources/x86_64 -I/Users/ericbbpeng/Documents/GitProject/test/glfwMac/CMakeFiles/CMakeTmp/CMAKE_TRY_COMPILE.build/Debug/cmTC_f29c7.build/DerivedSources -Wmost -Wno-four-char-constants -Wno-unknown-pragmas -F/Users/ericbbpeng/Documents/GitProject/test/glfwMac/CMakeFiles/CMakeTmp/Debug -std=c99 -MMD -MT dependencies -MF /Users/ericbbpeng/Documents/GitProject/test/glfwMac/CMakeFiles/CMakeTmp/CMAKE_TRY_COMPILE.build/Debug/cmTC_f29c7.build/Objects-normal/x86_64/feature_tests.d --serialize-diagnostics /Users/ericbbpeng/Documents/GitProject/test/glfwMac/CMakeFiles/CMakeTmp/CMAKE_TRY_COMPILE.build/Debug/cmTC_f29c7.build/Objects-normal/x86_64/feature_tests.dia -c /Users/ericbbpeng/Documents/GitProject/test/glfwMac/CMakeFiles/feature_tests.c -o /Users/ericbbpeng/Documents/GitProject/test/glfwMac/CMakeFiles/CMakeTmp/CMAKE_TRY_COMPILE.build/Debug/cmTC_f29c7.build/Objects-normal/x86_64/feature_tests.o

Ld Debug/cmTC_f29c7 normal x86_64
    cd /Users/ericbbpeng/Documents/GitProject/test/glfwMac/CMakeFiles/CMakeTmp
    export MACOSX_DEPLOYMENT_TARGET=10.14
    /Applications/Xcode.app/Contents/Developer/Toolchains/XcodeDefault.xctoolchain/usr/bin/clang -arch x86_64 -isysroot /Applications/Xcode.app/Contents/Developer/Platforms/MacOSX.platform/Developer/SDKs/MacOSX10.14.sdk -L/Users/ericbbpeng/Documents/GitProject/test/glfwMac/CMakeFiles/CMakeTmp/Debug -F/Users/ericbbpeng/Documents/GitProject/test/glfwMac/CMakeFiles/CMakeTmp/Debug -filelist /Users/ericbbpeng/Documents/GitProject/test/glfwMac/CMakeFiles/CMakeTmp/CMAKE_TRY_COMPILE.build/Debug/cmTC_f29c7.build/Objects-normal/x86_64/cmTC_f29c7.LinkFileList -mmacosx-version-min=10.14 -Xlinker -object_path_lto -Xlinker /Users/ericbbpeng/Documents/GitProject/test/glfwMac/CMakeFiles/CMakeTmp/CMAKE_TRY_COMPILE.build/Debug/cmTC_f29c7.build/Objects-normal/x86_64/cmTC_f29c7_lto.o -Xlinker -no_deduplicate -Wl,-search_paths_first -Wl,-headerpad_max_install_names -Xlinker -dependency_info -Xlinker /Users/ericbbpeng/Documents/GitProject/test/glfwMac/CMakeFiles/CMakeTmp/CMAKE_TRY_COMPILE.build/Debug/cmTC_f29c7.build/Objects-normal/x86_64/cmTC_f29c7_dependency_info.dat -o /Users/ericbbpeng/Documents/GitProject/test/glfwMac/CMakeFiles/CMakeTmp/Debug/cmTC_f29c7

** BUILD SUCCEEDED **



    Feature record: C_FEATURE:1c_function_prototypes
    Feature record: C_FEATURE:1c_restrict
    Feature record: C_FEATURE:0c_static_assert
    Feature record: C_FEATURE:1c_variadic_macros


Detecting C [-std=c90] compiler features compiled with the following output:
Change Dir: /Users/ericbbpeng/Documents/GitProject/test/glfwMac/CMakeFiles/CMakeTmp

Run Build Command:"/usr/bin/xcodebuild" "-project" "CMAKE_TRY_COMPILE.xcodeproj" "build" "-target" "cmTC_aaed2" "-configuration" "Debug"
Prepare build
note: Using legacy build system

=== BUILD TARGET cmTC_aaed2 OF PROJECT CMAKE_TRY_COMPILE WITH CONFIGURATION Debug ===

Check dependencies

Write auxiliary files
/bin/mkdir -p /Users/ericbbpeng/Documents/GitProject/test/glfwMac/CMakeFiles/CMakeTmp/CMAKE_TRY_COMPILE.build/Debug/cmTC_aaed2.build/Objects-normal/x86_64
write-file /Users/ericbbpeng/Documents/GitProject/test/glfwMac/CMakeFiles/CMakeTmp/CMAKE_TRY_COMPILE.build/Debug/cmTC_aaed2.build/Objects-normal/x86_64/cmTC_aaed2.LinkFileList

CompileC CMAKE_TRY_COMPILE.build/Debug/cmTC_aaed2.build/Objects-normal/x86_64/feature_tests.o /Users/ericbbpeng/Documents/GitProject/test/glfwMac/CMakeFiles/feature_tests.c normal x86_64 c com.apple.compilers.llvm.clang.1_0.compiler
    cd /Users/ericbbpeng/Documents/GitProject/test/glfwMac/CMakeFiles/CMakeTmp
    export LANG=en_US.US-ASCII
    /Applications/Xcode.app/Contents/Developer/Toolchains/XcodeDefault.xctoolchain/usr/bin/clang -x c -arch x86_64 -fmessage-length=0 -fdiagnostics-show-note-include-stack -fmacro-backtrace-limit=0 -Wno-trigraphs -fpascal-strings -O0 -Wno-missing-field-initializers -Wno-missing-prototypes -Wno-return-type -Wno-missing-braces -Wparentheses -Wswitch -Wno-unused-function -Wno-unused-label -Wno-unused-parameter -Wno-unused-variable -Wunused-value -Wno-empty-body -Wno-uninitialized -Wno-unknown-pragmas -Wno-shadow -Wno-four-char-constants -Wno-conversion -Wno-constant-conversion -Wno-int-conversion -Wno-bool-conversion -Wno-enum-conversion -Wno-float-conversion -Wno-non-literal-null-conversion -Wno-objc-literal-conversion -Wno-shorten-64-to-32 -Wpointer-sign -Wno-newline-eof -DCMAKE_INTDIR=\"Debug\" -isysroot /Applications/Xcode.app/Contents/Developer/Platforms/MacOSX.platform/Developer/SDKs/MacOSX10.14.sdk -fasm-blocks -fstrict-aliasing -Wdeprecated-declarations -mmacosx-version-min=10.14 -g -Wno-sign-conversion -Wno-infinite-recursion -Wno-comma -Wno-block-capture-autoreleasing -Wno-strict-prototypes -Wno-semicolon-before-method-body -I/Users/ericbbpeng/Documents/GitProject/test/glfwMac/CMakeFiles/CMakeTmp/Debug/include -I/Users/ericbbpeng/Documents/GitProject/test/glfwMac/CMakeFiles/CMakeTmp/CMAKE_TRY_COMPILE.build/Debug/cmTC_aaed2.build/DerivedSources/x86_64 -I/Users/ericbbpeng/Documents/GitProject/test/glfwMac/CMakeFiles/CMakeTmp/CMAKE_TRY_COMPILE.build/Debug/cmTC_aaed2.build/DerivedSources -Wmost -Wno-four-char-constants -Wno-unknown-pragmas -F/Users/ericbbpeng/Documents/GitProject/test/glfwMac/CMakeFiles/CMakeTmp/Debug -std=c90 -MMD -MT dependencies -MF /Users/ericbbpeng/Documents/GitProject/test/glfwMac/CMakeFiles/CMakeTmp/CMAKE_TRY_COMPILE.build/Debug/cmTC_aaed2.build/Objects-normal/x86_64/feature_tests.d --serialize-diagnostics /Users/ericbbpeng/Documents/GitProject/test/glfwMac/CMakeFiles/CMakeTmp/CMAKE_TRY_COMPILE.build/Debug/cmTC_aaed2.build/Objects-normal/x86_64/feature_tests.dia -c /Users/ericbbpeng/Documents/GitProject/test/glfwMac/CMakeFiles/feature_tests.c -o /Users/ericbbpeng/Documents/GitProject/test/glfwMac/CMakeFiles/CMakeTmp/CMAKE_TRY_COMPILE.build/Debug/cmTC_aaed2.build/Objects-normal/x86_64/feature_tests.o

Ld Debug/cmTC_aaed2 normal x86_64
    cd /Users/ericbbpeng/Documents/GitProject/test/glfwMac/CMakeFiles/CMakeTmp
    export MACOSX_DEPLOYMENT_TARGET=10.14
    /Applications/Xcode.app/Contents/Developer/Toolchains/XcodeDefault.xctoolchain/usr/bin/clang -arch x86_64 -isysroot /Applications/Xcode.app/Contents/Developer/Platforms/MacOSX.platform/Developer/SDKs/MacOSX10.14.sdk -L/Users/ericbbpeng/Documents/GitProject/test/glfwMac/CMakeFiles/CMakeTmp/Debug -F/Users/ericbbpeng/Documents/GitProject/test/glfwMac/CMakeFiles/CMakeTmp/Debug -filelist /Users/ericbbpeng/Documents/GitProject/test/glfwMac/CMakeFiles/CMakeTmp/CMAKE_TRY_COMPILE.build/Debug/cmTC_aaed2.build/Objects-normal/x86_64/cmTC_aaed2.LinkFileList -mmacosx-version-min=10.14 -Xlinker -object_path_lto -Xlinker /Users/ericbbpeng/Documents/GitProject/test/glfwMac/CMakeFiles/CMakeTmp/CMAKE_TRY_COMPILE.build/Debug/cmTC_aaed2.build/Objects-normal/x86_64/cmTC_aaed2_lto.o -Xlinker -no_deduplicate -Wl,-search_paths_first -Wl,-headerpad_max_install_names -Xlinker -dependency_info -Xlinker /Users/ericbbpeng/Documents/GitProject/test/glfwMac/CMakeFiles/CMakeTmp/CMAKE_TRY_COMPILE.build/Debug/cmTC_aaed2.build/Objects-normal/x86_64/cmTC_aaed2_dependency_info.dat -o /Users/ericbbpeng/Documents/GitProject/test/glfwMac/CMakeFiles/CMakeTmp/Debug/cmTC_aaed2

** BUILD SUCCEEDED **



    Feature record: C_FEATURE:1c_function_prototypes
    Feature record: C_FEATURE:0c_restrict
    Feature record: C_FEATURE:0c_static_assert
    Feature record: C_FEATURE:0c_variadic_macros
Determining if the include file pthread.h exists passed with the following output:
Change Dir: /Users/ericbbpeng/Documents/GitProject/test/glfwMac/CMakeFiles/CMakeTmp

Run Build Command:"/usr/bin/xcodebuild" "-project" "CMAKE_TRY_COMPILE.xcodeproj" "build" "-target" "cmTC_3a0c2" "-configuration" "Debug"
Prepare build
note: Using legacy build system

=== BUILD TARGET cmTC_3a0c2 OF PROJECT CMAKE_TRY_COMPILE WITH CONFIGURATION Debug ===

Check dependencies

Write auxiliary files
/bin/mkdir -p /Users/ericbbpeng/Documents/GitProject/test/glfwMac/CMakeFiles/CMakeTmp/CMAKE_TRY_COMPILE.build/Debug/cmTC_3a0c2.build/Objects-normal/x86_64
write-file /Users/ericbbpeng/Documents/GitProject/test/glfwMac/CMakeFiles/CMakeTmp/CMAKE_TRY_COMPILE.build/Debug/cmTC_3a0c2.build/Objects-normal/x86_64/cmTC_3a0c2.LinkFileList

CompileC CMAKE_TRY_COMPILE.build/Debug/cmTC_3a0c2.build/Objects-normal/x86_64/CheckIncludeFile.o CheckIncludeFile.c normal x86_64 c com.apple.compilers.llvm.clang.1_0.compiler
    cd /Users/ericbbpeng/Documents/GitProject/test/glfwMac/CMakeFiles/CMakeTmp
    export LANG=en_US.US-ASCII
    /Applications/Xcode.app/Contents/Developer/Toolchains/XcodeDefault.xctoolchain/usr/bin/clang -x c -arch x86_64 -fmessage-length=0 -fdiagnostics-show-note-include-stack -fmacro-backtrace-limit=0 -Wno-trigraphs -fpascal-strings -O0 -Wno-missing-field-initializers -Wno-missing-prototypes -Wno-return-type -Wno-missing-braces -Wparentheses -Wswitch -Wno-unused-function -Wno-unused-label -Wno-unused-parameter -Wno-unused-variable -Wunused-value -Wno-empty-body -Wno-uninitialized -Wno-unknown-pragmas -Wno-shadow -Wno-four-char-constants -Wno-conversion -Wno-constant-conversion -Wno-int-conversion -Wno-bool-conversion -Wno-enum-conversion -Wno-float-conversion -Wno-non-literal-null-conversion -Wno-objc-literal-conversion -Wno-shorten-64-to-32 -Wpointer-sign -Wno-newline-eof -DCMAKE_INTDIR=\"Debug\" -isysroot /Applications/Xcode.app/Contents/Developer/Platforms/MacOSX.platform/Developer/SDKs/MacOSX10.14.sdk -fasm-blocks -fstrict-aliasing -Wdeprecated-declarations -mmacosx-version-min=10.14 -g -Wno-sign-conversion -Wno-infinite-recursion -Wno-comma -Wno-block-capture-autoreleasing -Wno-strict-prototypes -Wno-semicolon-before-method-body -I/Users/ericbbpeng/Documents/GitProject/test/glfwMac/CMakeFiles/CMakeTmp/Debug/include -I/Users/ericbbpeng/Documents/GitProject/test/glfwMac/CMakeFiles/CMakeTmp/CMAKE_TRY_COMPILE.build/Debug/cmTC_3a0c2.build/DerivedSources/x86_64 -I/Users/ericbbpeng/Documents/GitProject/test/glfwMac/CMakeFiles/CMakeTmp/CMAKE_TRY_COMPILE.build/Debug/cmTC_3a0c2.build/DerivedSources -Wmost -Wno-four-char-constants -Wno-unknown-pragmas -F/Users/ericbbpeng/Documents/GitProject/test/glfwMac/CMakeFiles/CMakeTmp/Debug -MMD -MT dependencies -MF /Users/ericbbpeng/Documents/GitProject/test/glfwMac/CMakeFiles/CMakeTmp/CMAKE_TRY_COMPILE.build/Debug/cmTC_3a0c2.build/Objects-normal/x86_64/CheckIncludeFile.d --serialize-diagnostics /Users/ericbbpeng/Documents/GitProject/test/glfwMac/CMakeFiles/CMakeTmp/CMAKE_TRY_COMPILE.build/Debug/cmTC_3a0c2.build/Objects-normal/x86_64/CheckIncludeFile.dia -c /Users/ericbbpeng/Documents/GitProject/test/glfwMac/CMakeFiles/CMakeTmp/CheckIncludeFile.c -o /Users/ericbbpeng/Documents/GitProject/test/glfwMac/CMakeFiles/CMakeTmp/CMAKE_TRY_COMPILE.build/Debug/cmTC_3a0c2.build/Objects-normal/x86_64/CheckIncludeFile.o

Ld Debug/cmTC_3a0c2 normal x86_64
    cd /Users/ericbbpeng/Documents/GitProject/test/glfwMac/CMakeFiles/CMakeTmp
    export MACOSX_DEPLOYMENT_TARGET=10.14
    /Applications/Xcode.app/Contents/Developer/Toolchains/XcodeDefault.xctoolchain/usr/bin/clang -arch x86_64 -isysroot /Applications/Xcode.app/Contents/Developer/Platforms/MacOSX.platform/Developer/SDKs/MacOSX10.14.sdk -L/Users/ericbbpeng/Documents/GitProject/test/glfwMac/CMakeFiles/CMakeTmp/Debug -F/Users/ericbbpeng/Documents/GitProject/test/glfwMac/CMakeFiles/CMakeTmp/Debug -filelist /Users/ericbbpeng/Documents/GitProject/test/glfwMac/CMakeFiles/CMakeTmp/CMAKE_TRY_COMPILE.build/Debug/cmTC_3a0c2.build/Objects-normal/x86_64/cmTC_3a0c2.LinkFileList -mmacosx-version-min=10.14 -Xlinker -object_path_lto -Xlinker /Users/ericbbpeng/Documents/GitProject/test/glfwMac/CMakeFiles/CMakeTmp/CMAKE_TRY_COMPILE.build/Debug/cmTC_3a0c2.build/Objects-normal/x86_64/cmTC_3a0c2_lto.o -Xlinker -no_deduplicate -Wl,-search_paths_first -Wl,-headerpad_max_install_names -Xlinker -dependency_info -Xlinker /Users/ericbbpeng/Documents/GitProject/test/glfwMac/CMakeFiles/CMakeTmp/CMAKE_TRY_COMPILE.build/Debug/cmTC_3a0c2.build/Objects-normal/x86_64/cmTC_3a0c2_dependency_info.dat -o /Users/ericbbpeng/Documents/GitProject/test/glfwMac/CMakeFiles/CMakeTmp/Debug/cmTC_3a0c2

** BUILD SUCCEEDED **



Determining if the pthread_create exist passed with the following output:
Change Dir: /Users/ericbbpeng/Documents/GitProject/test/glfwMac/CMakeFiles/CMakeTmp

Run Build Command:"/usr/bin/xcodebuild" "-project" "CMAKE_TRY_COMPILE.xcodeproj" "build" "-target" "cmTC_72ff6" "-configuration" "Debug"
Prepare build
note: Using legacy build system

=== BUILD TARGET cmTC_72ff6 OF PROJECT CMAKE_TRY_COMPILE WITH CONFIGURATION Debug ===

Check dependencies

Write auxiliary files
/bin/mkdir -p /Users/ericbbpeng/Documents/GitProject/test/glfwMac/CMakeFiles/CMakeTmp/CMAKE_TRY_COMPILE.build/Debug/cmTC_72ff6.build/Objects-normal/x86_64
write-file /Users/ericbbpeng/Documents/GitProject/test/glfwMac/CMakeFiles/CMakeTmp/CMAKE_TRY_COMPILE.build/Debug/cmTC_72ff6.build/Objects-normal/x86_64/cmTC_72ff6.LinkFileList

CompileC CMAKE_TRY_COMPILE.build/Debug/cmTC_72ff6.build/Objects-normal/x86_64/CheckSymbolExists.o CheckSymbolExists.c normal x86_64 c com.apple.compilers.llvm.clang.1_0.compiler
    cd /Users/ericbbpeng/Documents/GitProject/test/glfwMac/CMakeFiles/CMakeTmp
    export LANG=en_US.US-ASCII
    /Applications/Xcode.app/Contents/Developer/Toolchains/XcodeDefault.xctoolchain/usr/bin/clang -x c -arch x86_64 -fmessage-length=0 -fdiagnostics-show-note-include-stack -fmacro-backtrace-limit=0 -Wno-trigraphs -fpascal-strings -O0 -Wno-missing-field-initializers -Wno-missing-prototypes -Wno-return-type -Wno-missing-braces -Wparentheses -Wswitch -Wno-unused-function -Wno-unused-label -Wno-unused-parameter -Wno-unused-variable -Wunused-value -Wno-empty-body -Wno-uninitialized -Wno-unknown-pragmas -Wno-shadow -Wno-four-char-constants -Wno-conversion -Wno-constant-conversion -Wno-int-conversion -Wno-bool-conversion -Wno-enum-conversion -Wno-float-conversion -Wno-non-literal-null-conversion -Wno-objc-literal-conversion -Wno-shorten-64-to-32 -Wpointer-sign -Wno-newline-eof -DCMAKE_INTDIR=\"Debug\" -isysroot /Applications/Xcode.app/Contents/Developer/Platforms/MacOSX.platform/Developer/SDKs/MacOSX10.14.sdk -fasm-blocks -fstrict-aliasing -Wdeprecated-declarations -mmacosx-version-min=10.14 -g -Wno-sign-conversion -Wno-infinite-recursion -Wno-comma -Wno-block-capture-autoreleasing -Wno-strict-prototypes -Wno-semicolon-before-method-body -I/Users/ericbbpeng/Documents/GitProject/test/glfwMac/CMakeFiles/CMakeTmp/Debug/include -I/Users/ericbbpeng/Documents/GitProject/test/glfwMac/CMakeFiles/CMakeTmp/CMAKE_TRY_COMPILE.build/Debug/cmTC_72ff6.build/DerivedSources/x86_64 -I/Users/ericbbpeng/Documents/GitProject/test/glfwMac/CMakeFiles/CMakeTmp/CMAKE_TRY_COMPILE.build/Debug/cmTC_72ff6.build/DerivedSources -Wmost -Wno-four-char-constants -Wno-unknown-pragmas -F/Users/ericbbpeng/Documents/GitProject/test/glfwMac/CMakeFiles/CMakeTmp/Debug -MMD -MT dependencies -MF /Users/ericbbpeng/Documents/GitProject/test/glfwMac/CMakeFiles/CMakeTmp/CMAKE_TRY_COMPILE.build/Debug/cmTC_72ff6.build/Objects-normal/x86_64/CheckSymbolExists.d --serialize-diagnostics /Users/ericbbpeng/Documents/GitProject/test/glfwMac/CMakeFiles/CMakeTmp/CMAKE_TRY_COMPILE.build/Debug/cmTC_72ff6.build/Objects-normal/x86_64/CheckSymbolExists.dia -c /Users/ericbbpeng/Documents/GitProject/test/glfwMac/CMakeFiles/CMakeTmp/CheckSymbolExists.c -o /Users/ericbbpeng/Documents/GitProject/test/glfwMac/CMakeFiles/CMakeTmp/CMAKE_TRY_COMPILE.build/Debug/cmTC_72ff6.build/Objects-normal/x86_64/CheckSymbolExists.o

Ld Debug/cmTC_72ff6 normal x86_64
    cd /Users/ericbbpeng/Documents/GitProject/test/glfwMac/CMakeFiles/CMakeTmp
    export MACOSX_DEPLOYMENT_TARGET=10.14
    /Applications/Xcode.app/Contents/Developer/Toolchains/XcodeDefault.xctoolchain/usr/bin/clang -arch x86_64 -isysroot /Applications/Xcode.app/Contents/Developer/Platforms/MacOSX.platform/Developer/SDKs/MacOSX10.14.sdk -L/Users/ericbbpeng/Documents/GitProject/test/glfwMac/CMakeFiles/CMakeTmp/Debug -F/Users/ericbbpeng/Documents/GitProject/test/glfwMac/CMakeFiles/CMakeTmp/Debug -filelist /Users/ericbbpeng/Documents/GitProject/test/glfwMac/CMakeFiles/CMakeTmp/CMAKE_TRY_COMPILE.build/Debug/cmTC_72ff6.build/Objects-normal/x86_64/cmTC_72ff6.LinkFileList -mmacosx-version-min=10.14 -Xlinker -object_path_lto -Xlinker /Users/ericbbpeng/Documents/GitProject/test/glfwMac/CMakeFiles/CMakeTmp/CMAKE_TRY_COMPILE.build/Debug/cmTC_72ff6.build/Objects-normal/x86_64/cmTC_72ff6_lto.o -Xlinker -no_deduplicate -Wl,-search_paths_first -Wl,-headerpad_max_install_names -Xlinker -dependency_info -Xlinker /Users/ericbbpeng/Documents/GitProject/test/glfwMac/CMakeFiles/CMakeTmp/CMAKE_TRY_COMPILE.build/Debug/cmTC_72ff6.build/Objects-normal/x86_64/cmTC_72ff6_dependency_info.dat -o /Users/ericbbpeng/Documents/GitProject/test/glfwMac/CMakeFiles/CMakeTmp/Debug/cmTC_72ff6

** BUILD SUCCEEDED **


File /Users/ericbbpeng/Documents/GitProject/test/glfwMac/CMakeFiles/CMakeTmp/CheckSymbolExists.c:
/* */
#include <pthread.h>

int main(int argc, char** argv)
{
  (void)argv;
#ifndef pthread_create
  return ((int*)(&pthread_create))[argc];
#else
  (void)argc;
  return 0;
#endif
}

